<?xml version="1.0" encoding="UTF-8"?>
<testsuite xmlns:xsi="http://www.w3.org/2001/XMLSchema-instance" xsi:noNamespaceSchemaLocation="https://maven.apache.org/surefire/maven-surefire-plugin/xsd/surefire-test-report-3.0.xsd" version="3.0" name="com.rbc.bunny.BunnyApplicationTests" time="2.775" tests="1" errors="0" skipped="0" failures="0">
  <properties>
[...]
</properties>
  <testcase name="contextLoads" classname="com.rbc.bunny.BunnyApplicationTests" time="0.29">
    <system-out><![CDATA[13:42:22.740 [main] INFO org.springframework.test.context.support.AnnotationConfigContextLoaderUtils -- Could not detect default configuration classes for test class [com.rbc.bunny.BunnyApplicationTests]: BunnyApplicationTests does not declare any static, non-private, non-final, nested classes annotated with @Configuration.
13:42:22.794 [main] INFO org.springframework.boot.test.context.SpringBootTestContextBootstrapper -- Found @SpringBootConfiguration com.rbc.bunny.BunnyApplication for test class com.rbc.bunny.BunnyApplicationTests

  .   ____          _            __ _ _
 /\\ / ___'_ __ _ _(_)_ __  __ _ \ \ \ \
( ( )\___ | '_ | '_| | '_ \/ _` | \ \ \ \
 \\/  ___)| |_)| | | | | || (_| |  ) ) ) )
  '  |____| .__|_| |_|_| |_\__, | / / / /
 =========|_|==============|___/=/_/_/_/
 :: Spring Boot ::                (v3.2.2)

2024-02-18T13:42:22.965-07:00  INFO 4545 --- [           main] com.rbc.bunny.BunnyApplicationTests      : Starting BunnyApplicationTests using Java 17.0.5 with PID 4545 (started by sourabh in /Users/sourabh/Documents/Project/bunny)
2024-02-18T13:42:22.966-07:00  INFO 4545 --- [           main] com.rbc.bunny.BunnyApplicationTests      : No active profile set, falling back to 1 default profile: "default"
2024-02-18T13:42:23.288-07:00  INFO 4545 --- [           main] .s.d.r.c.RepositoryConfigurationDelegate : Bootstrapping Spring Data JPA repositories in DEFAULT mode.
2024-02-18T13:42:23.312-07:00  INFO 4545 --- [           main] .s.d.r.c.RepositoryConfigurationDelegate : Finished Spring Data repository scanning in 20 ms. Found 1 JPA repository interface.
2024-02-18T13:42:23.547-07:00  INFO 4545 --- [           main] com.zaxxer.hikari.HikariDataSource       : HikariPool-1 - Starting...
2024-02-18T13:42:23.713-07:00  INFO 4545 --- [           main] com.zaxxer.hikari.pool.HikariPool        : HikariPool-1 - Added connection conn0: url=jdbc:h2:mem:bunnydb user=BUNNY
2024-02-18T13:42:23.714-07:00  INFO 4545 --- [           main] com.zaxxer.hikari.HikariDataSource       : HikariPool-1 - Start completed.
2024-02-18T13:42:23.740-07:00  INFO 4545 --- [           main] o.hibernate.jpa.internal.util.LogHelper  : HHH000204: Processing PersistenceUnitInfo [name: default]
2024-02-18T13:42:23.769-07:00  INFO 4545 --- [           main] org.hibernate.Version                    : HHH000412: Hibernate ORM core version 6.4.1.Final
2024-02-18T13:42:23.786-07:00  INFO 4545 --- [           main] o.h.c.internal.RegionFactoryInitiator    : HHH000026: Second-level cache disabled
2024-02-18T13:42:23.956-07:00  INFO 4545 --- [           main] o.s.o.j.p.SpringPersistenceUnitInfo      : No LoadTimeWeaver setup: ignoring JPA class transformer
2024-02-18T13:42:23.979-07:00  WARN 4545 --- [           main] org.hibernate.orm.deprecation            : HHH90000025: H2Dialect does not need to be specified explicitly using 'hibernate.dialect' (remove the property setting and it will be selected by default)
2024-02-18T13:42:24.353-07:00  INFO 4545 --- [           main] o.h.m.i.EntityInstantiatorPojoStandard   : HHH000182: No default (no-argument) constructor for class: com.rbc.bunny.entities.Command (class must be instantiated by Interceptor)
2024-02-18T13:42:24.418-07:00  INFO 4545 --- [           main] o.h.e.t.j.p.i.JtaPlatformInitiator       : HHH000489: No JTA platform available (set 'hibernate.transaction.jta.platform' to enable JTA platform integration)
2024-02-18T13:42:24.432-07:00  INFO 4545 --- [           main] j.LocalContainerEntityManagerFactoryBean : Initialized JPA EntityManagerFactory for persistence unit 'default'
2024-02-18T13:42:24.622-07:00  WARN 4545 --- [           main] JpaBaseConfiguration$JpaWebConfiguration : spring.jpa.open-in-view is enabled by default. Therefore, database queries may be performed during view rendering. Explicitly configure spring.jpa.open-in-view to disable this warning
2024-02-18T13:42:24.951-07:00  INFO 4545 --- [           main] o.s.s.web.DefaultSecurityFilterChain     : Will secure any request with [org.springframework.security.web.session.DisableEncodeUrlFilter@41dc34c8, org.springframework.security.web.context.request.async.WebAsyncManagerIntegrationFilter@402c415e, org.springframework.security.web.context.SecurityContextHolderFilter@7a7bd9a8, org.springframework.security.web.header.HeaderWriterFilter@42095996, org.springframework.web.filter.CorsFilter@4e322108, org.springframework.security.web.authentication.logout.LogoutFilter@77aeba9b, org.springframework.security.web.authentication.www.BasicAuthenticationFilter@391b03b, org.springframework.security.web.savedrequest.RequestCacheAwareFilter@1832b0f6, org.springframework.security.web.servletapi.SecurityContextHolderAwareRequestFilter@6693818c, org.springframework.security.web.authentication.AnonymousAuthenticationFilter@3f5e64c9, org.springframework.security.web.access.ExceptionTranslationFilter@1c09bb7a, org.springframework.security.web.access.intercept.AuthorizationFilter@3220833f]
2024-02-18T13:42:25.083-07:00  WARN 4545 --- [           main] ion$DefaultTemplateResolverConfiguration : Cannot find template location: classpath:/templates/ (please add some templates, check your Thymeleaf configuration, or set spring.thymeleaf.check-template-location=false)
2024-02-18T13:42:25.108-07:00  INFO 4545 --- [           main] o.s.b.a.h2.H2ConsoleAutoConfiguration    : H2 console available at '/h2-console'. Database available at 'jdbc:h2:mem:bunnydb'
2024-02-18T13:42:25.139-07:00  INFO 4545 --- [           main] com.rbc.bunny.BunnyApplicationTests      : Started BunnyApplicationTests in 2.279 seconds (process running for 2.734)
]]></system-out>
  </testcase>
</testsuite>